21-06-2024 10:38:59 INFO       [db_context.py:32] reading data from database...
21-06-2024 10:38:59 INFO       [db_context.py:32] reading data from database...
21-06-2024 10:38:59 INFO       [db_context.py:32] reading data from database...
21-06-2024 10:38:59 INFO       [db_context.py:32] reading data from database...
21-06-2024 10:38:59 INFO       [db_context.py:32] reading data from database...
21-06-2024 10:38:59 INFO       [db_context.py:32] reading data from database...
21-06-2024 10:38:59 INFO       [db_context.py:32] reading data from database...
21-06-2024 10:38:59 INFO       [db_context.py:32] reading data from database...
21-06-2024 10:38:59 INFO       [db_context.py:32] reading data from database...
21-06-2024 10:38:59 INFO       [db_context.py:32] reading data from database...
21-06-2024 10:38:59 INFO       [db_context.py:32] reading data from database...
21-06-2024 10:39:12 INFO       [db_context.py:32] reading data from database...
21-06-2024 10:39:12 INFO       [db_context.py:32] reading data from database...
21-06-2024 10:39:12 INFO       [db_context.py:32] reading data from database...
21-06-2024 10:39:12 INFO       [db_context.py:32] reading data from database...
21-06-2024 10:39:12 INFO       [db_context.py:32] reading data from database...
21-06-2024 10:39:12 INFO       [db_context.py:32] reading data from database...
21-06-2024 10:39:12 INFO       [db_context.py:32] reading data from database...
21-06-2024 10:39:12 INFO       [db_context.py:32] reading data from database...
21-06-2024 10:39:12 INFO       [db_context.py:32] reading data from database...
21-06-2024 10:39:12 INFO       [db_context.py:32] reading data from database...
21-06-2024 10:39:12 INFO       [db_context.py:32] reading data from database...
21-06-2024 10:39:12 INFO       [main.py:19] Initializing System...
21-06-2024 10:39:12 INFO       [authentication.py:45] Authentication Screen
21-06-2024 10:39:14 INFO       [authentication.py:14] Sign In Screen
21-06-2024 10:39:19 INFO       [db_context.py:25] reading data from database...
21-06-2024 10:39:19 INFO       [authentication.py:26] Invalid credentials tried by user batman
21-06-2024 10:39:19 INFO       [authentication.py:45] Authentication Screen
21-06-2024 10:39:20 INFO       [authentication.py:31] Sign Up Screen
21-06-2024 10:39:25 INFO       [db_context.py:32] reading data from database...
21-06-2024 10:39:25 INFO       [authentication.py:45] Authentication Screen
21-06-2024 10:39:25 INFO       [authentication.py:14] Sign In Screen
21-06-2024 10:39:31 INFO       [db_context.py:25] reading data from database...
21-06-2024 10:39:31 INFO       [player.py:57] Player Home Screen
21-06-2024 10:39:32 INFO       [player.py:15] Play Random Quiz Screen
21-06-2024 10:39:32 INFO       [db_context.py:25] reading data from database...
21-06-2024 10:39:32 INFO       [player.py:57] Player Home Screen
21-06-2024 10:39:35 INFO       [authentication.py:45] Authentication Screen
21-06-2024 10:39:37 INFO       [main.py:26] System Exit...
